[2022-10-29 15:46:52,678] {dag_processing.py:590} INFO - Processing files using up to 2 processes at a time 
[2022-10-29 15:46:52,681] {dag_processing.py:591} INFO - Process each file at most once every 0 seconds
[2022-10-29 15:46:52,682] {dag_processing.py:593} INFO - Checking for new files in /opt/airflow/dags every 300 seconds
[2022-10-29 15:46:52,684] {dag_processing.py:726} INFO - Searching for files in /opt/airflow/dags
[2022-10-29 15:46:52,701] {dag_processing.py:729} INFO - There are 0 files in /opt/airflow/dags
[2022-10-29 15:46:53,415] {dag_processing.py:1062} INFO - Finding 'running' jobs without a recent heartbeat
[2022-10-29 15:46:53,426] {dag_processing.py:1066} INFO - Failing jobs without heartbeat after 2022-10-29 15:41:53.426064+00:00
[2022-10-29 15:47:03,479] {dag_processing.py:1062} INFO - Finding 'running' jobs without a recent heartbeat
[2022-10-29 15:47:03,479] {dag_processing.py:1066} INFO - Failing jobs without heartbeat after 2022-10-29 15:42:03.479800+00:00
[2022-10-29 15:47:13,502] {dag_processing.py:1062} INFO - Finding 'running' jobs without a recent heartbeat
[2022-10-29 15:47:13,505] {dag_processing.py:1066} INFO - Failing jobs without heartbeat after 2022-10-29 15:42:13.505104+00:00
[2022-10-29 15:47:23,665] {dag_processing.py:1062} INFO - Finding 'running' jobs without a recent heartbeat
[2022-10-29 15:47:23,667] {dag_processing.py:1066} INFO - Failing jobs without heartbeat after 2022-10-29 15:42:23.666987+00:00
[2022-10-29 15:47:36,073] {dag_processing.py:1062} INFO - Finding 'running' jobs without a recent heartbeat
[2022-10-29 15:47:36,272] {dag_processing.py:1066} INFO - Failing jobs without heartbeat after 2022-10-29 15:42:36.272048+00:00
[2022-10-29 15:47:46,372] {dag_processing.py:1062} INFO - Finding 'running' jobs without a recent heartbeat
[2022-10-29 15:47:46,378] {dag_processing.py:1066} INFO - Failing jobs without heartbeat after 2022-10-29 15:42:46.378469+00:00
[2022-10-29 15:47:56,617] {dag_processing.py:1062} INFO - Finding 'running' jobs without a recent heartbeat
[2022-10-29 15:47:56,619] {dag_processing.py:1066} INFO - Failing jobs without heartbeat after 2022-10-29 15:42:56.619932+00:00
[2022-10-29 15:48:06,649] {dag_processing.py:1062} INFO - Finding 'running' jobs without a recent heartbeat
[2022-10-29 15:48:06,651] {dag_processing.py:1066} INFO - Failing jobs without heartbeat after 2022-10-29 15:43:06.651076+00:00
[2022-10-29 15:48:17,244] {dag_processing.py:1062} INFO - Finding 'running' jobs without a recent heartbeat
[2022-10-29 15:48:17,439] {dag_processing.py:1066} INFO - Failing jobs without heartbeat after 2022-10-29 15:43:17.438752+00:00
[2022-10-29 15:48:20,505] {dag_processing.py:571} INFO - Exiting gracefully upon receiving signal 15
[2022-10-29 15:50:50,083] {dag_processing.py:590} INFO - Processing files using up to 2 processes at a time 
[2022-10-29 15:50:50,088] {dag_processing.py:591} INFO - Process each file at most once every 0 seconds
[2022-10-29 15:50:50,089] {dag_processing.py:593} INFO - Checking for new files in /opt/airflow/dags every 300 seconds
[2022-10-29 15:50:50,092] {dag_processing.py:726} INFO - Searching for files in /opt/airflow/dags
[2022-10-29 15:50:50,136] {dag_processing.py:729} INFO - There are 0 files in /opt/airflow/dags
[2022-10-29 15:50:50,249] {dag_processing.py:1062} INFO - Finding 'running' jobs without a recent heartbeat
[2022-10-29 15:50:50,253] {dag_processing.py:1066} INFO - Failing jobs without heartbeat after 2022-10-29 15:45:50.253469+00:00
[2022-10-29 15:51:01,491] {dag_processing.py:1062} INFO - Finding 'running' jobs without a recent heartbeat
[2022-10-29 15:51:01,492] {dag_processing.py:1066} INFO - Failing jobs without heartbeat after 2022-10-29 15:46:01.492352+00:00
[2022-10-29 15:51:11,553] {dag_processing.py:1062} INFO - Finding 'running' jobs without a recent heartbeat
[2022-10-29 15:51:14,727] {dag_processing.py:1066} INFO - Failing jobs without heartbeat after 2022-10-29 15:46:14.727353+00:00
[2022-10-29 15:51:25,047] {dag_processing.py:1062} INFO - Finding 'running' jobs without a recent heartbeat
[2022-10-29 15:51:25,977] {dag_processing.py:1066} INFO - Failing jobs without heartbeat after 2022-10-29 15:46:25.977162+00:00
[2022-10-29 15:51:41,265] {dag_processing.py:1062} INFO - Finding 'running' jobs without a recent heartbeat
[2022-10-29 15:51:41,271] {dag_processing.py:1066} INFO - Failing jobs without heartbeat after 2022-10-29 15:46:41.271512+00:00
[2022-10-29 15:51:53,211] {dag_processing.py:1062} INFO - Finding 'running' jobs without a recent heartbeat
[2022-10-29 15:51:53,795] {dag_processing.py:1066} INFO - Failing jobs without heartbeat after 2022-10-29 15:46:53.795212+00:00
[2022-10-29 15:52:09,864] {dag_processing.py:1062} INFO - Finding 'running' jobs without a recent heartbeat
[2022-10-29 15:52:09,874] {dag_processing.py:1066} INFO - Failing jobs without heartbeat after 2022-10-29 15:47:09.874112+00:00
[2022-10-29 15:52:21,044] {dag_processing.py:1062} INFO - Finding 'running' jobs without a recent heartbeat
[2022-10-29 15:52:21,052] {dag_processing.py:1066} INFO - Failing jobs without heartbeat after 2022-10-29 15:47:21.051980+00:00
[2022-10-29 15:52:31,593] {dag_processing.py:1062} INFO - Finding 'running' jobs without a recent heartbeat
[2022-10-29 15:52:31,595] {dag_processing.py:1066} INFO - Failing jobs without heartbeat after 2022-10-29 15:47:31.595681+00:00
[2022-10-29 15:52:42,291] {dag_processing.py:1062} INFO - Finding 'running' jobs without a recent heartbeat
[2022-10-29 15:52:42,292] {dag_processing.py:1066} INFO - Failing jobs without heartbeat after 2022-10-29 15:47:42.292607+00:00
[2022-10-29 15:52:52,337] {dag_processing.py:1062} INFO - Finding 'running' jobs without a recent heartbeat
[2022-10-29 15:52:52,338] {dag_processing.py:1066} INFO - Failing jobs without heartbeat after 2022-10-29 15:47:52.338218+00:00
[2022-10-29 15:53:02,705] {dag_processing.py:1062} INFO - Finding 'running' jobs without a recent heartbeat
[2022-10-29 15:53:02,706] {dag_processing.py:1066} INFO - Failing jobs without heartbeat after 2022-10-29 15:48:02.705951+00:00
[2022-10-29 15:53:23,822] {dag_processing.py:1062} INFO - Finding 'running' jobs without a recent heartbeat
[2022-10-29 15:53:26,280] {dag_processing.py:1066} INFO - Failing jobs without heartbeat after 2022-10-29 15:48:26.280391+00:00
[2022-10-29 15:53:48,982] {dag_processing.py:1062} INFO - Finding 'running' jobs without a recent heartbeat
[2022-10-29 15:53:49,006] {dag_processing.py:1066} INFO - Failing jobs without heartbeat after 2022-10-29 15:48:49.006021+00:00
[2022-10-29 15:54:00,528] {dag_processing.py:1062} INFO - Finding 'running' jobs without a recent heartbeat
[2022-10-29 15:54:00,683] {dag_processing.py:1066} INFO - Failing jobs without heartbeat after 2022-10-29 15:49:00.683251+00:00
[2022-10-29 15:54:16,309] {dag_processing.py:1062} INFO - Finding 'running' jobs without a recent heartbeat
[2022-10-29 15:54:20,335] {dag_processing.py:1066} INFO - Failing jobs without heartbeat after 2022-10-29 15:49:20.335811+00:00
[2022-10-29 15:54:38,359] {dag_processing.py:1062} INFO - Finding 'running' jobs without a recent heartbeat
[2022-10-29 15:54:38,458] {dag_processing.py:1066} INFO - Failing jobs without heartbeat after 2022-10-29 15:49:38.458409+00:00
[2022-10-29 15:54:50,992] {dag_processing.py:1062} INFO - Finding 'running' jobs without a recent heartbeat
[2022-10-29 15:54:53,823] {dag_processing.py:1066} INFO - Failing jobs without heartbeat after 2022-10-29 15:49:53.823148+00:00
[2022-10-29 15:55:04,859] {dag_processing.py:1062} INFO - Finding 'running' jobs without a recent heartbeat
[2022-10-29 15:55:06,409] {dag_processing.py:1066} INFO - Failing jobs without heartbeat after 2022-10-29 15:50:06.409521+00:00
[2022-10-29 15:55:22,973] {dag_processing.py:1062} INFO - Finding 'running' jobs without a recent heartbeat
[2022-10-29 15:55:23,156] {dag_processing.py:1066} INFO - Failing jobs without heartbeat after 2022-10-29 15:50:23.156162+00:00
[2022-10-29 15:55:33,943] {dag_processing.py:1062} INFO - Finding 'running' jobs without a recent heartbeat
[2022-10-29 15:55:33,961] {dag_processing.py:1066} INFO - Failing jobs without heartbeat after 2022-10-29 15:50:33.960971+00:00
[2022-10-29 15:55:44,790] {dag_processing.py:1062} INFO - Finding 'running' jobs without a recent heartbeat
[2022-10-29 15:55:44,794] {dag_processing.py:1066} INFO - Failing jobs without heartbeat after 2022-10-29 15:50:44.794564+00:00
[2022-10-29 15:55:50,819] {dag_processing.py:726} INFO - Searching for files in /opt/airflow/dags
[2022-10-29 15:56:01,844] {dag_processing.py:729} INFO - There are 0 files in /opt/airflow/dags
[2022-10-29 15:56:01,869] {dag_processing.py:1062} INFO - Finding 'running' jobs without a recent heartbeat
[2022-10-29 15:56:01,870] {dag_processing.py:1066} INFO - Failing jobs without heartbeat after 2022-10-29 15:51:01.869944+00:00
[2022-10-29 15:56:15,077] {dag_processing.py:1062} INFO - Finding 'running' jobs without a recent heartbeat
[2022-10-29 15:56:15,080] {dag_processing.py:1066} INFO - Failing jobs without heartbeat after 2022-10-29 15:51:15.080051+00:00
[2022-10-29 15:56:27,415] {dag_processing.py:1062} INFO - Finding 'running' jobs without a recent heartbeat
[2022-10-29 15:56:27,427] {dag_processing.py:1066} INFO - Failing jobs without heartbeat after 2022-10-29 15:51:27.427438+00:00
[2022-10-29 15:56:38,441] {dag_processing.py:1062} INFO - Finding 'running' jobs without a recent heartbeat
[2022-10-29 15:56:38,444] {dag_processing.py:1066} INFO - Failing jobs without heartbeat after 2022-10-29 15:51:38.444373+00:00
[2022-10-29 15:56:48,542] {dag_processing.py:1062} INFO - Finding 'running' jobs without a recent heartbeat
[2022-10-29 15:56:48,543] {dag_processing.py:1066} INFO - Failing jobs without heartbeat after 2022-10-29 15:51:48.543122+00:00
[2022-10-29 15:56:58,651] {dag_processing.py:1062} INFO - Finding 'running' jobs without a recent heartbeat
[2022-10-29 15:57:12,162] {dag_processing.py:1066} INFO - Failing jobs without heartbeat after 2022-10-29 15:52:12.162480+00:00
[2022-10-29 15:57:23,099] {dag_processing.py:1062} INFO - Finding 'running' jobs without a recent heartbeat
[2022-10-29 15:57:23,702] {dag_processing.py:1066} INFO - Failing jobs without heartbeat after 2022-10-29 15:52:23.702478+00:00
[2022-10-29 15:57:37,815] {dag_processing.py:1062} INFO - Finding 'running' jobs without a recent heartbeat
[2022-10-29 15:57:38,321] {dag_processing.py:1066} INFO - Failing jobs without heartbeat after 2022-10-29 15:52:38.321169+00:00
[2022-10-29 15:57:54,058] {dag_processing.py:1062} INFO - Finding 'running' jobs without a recent heartbeat
[2022-10-29 15:57:54,190] {dag_processing.py:1066} INFO - Failing jobs without heartbeat after 2022-10-29 15:52:54.190337+00:00
[2022-10-29 15:58:05,162] {dag_processing.py:1062} INFO - Finding 'running' jobs without a recent heartbeat
[2022-10-29 15:58:05,230] {dag_processing.py:1066} INFO - Failing jobs without heartbeat after 2022-10-29 15:53:05.230784+00:00
[2022-10-29 15:58:19,926] {dag_processing.py:1062} INFO - Finding 'running' jobs without a recent heartbeat
[2022-10-29 15:58:19,927] {dag_processing.py:1066} INFO - Failing jobs without heartbeat after 2022-10-29 15:53:19.927343+00:00
[2022-10-29 15:58:30,910] {dag_processing.py:1062} INFO - Finding 'running' jobs without a recent heartbeat
[2022-10-29 15:58:30,916] {dag_processing.py:1066} INFO - Failing jobs without heartbeat after 2022-10-29 15:53:30.916655+00:00
[2022-10-29 15:58:41,092] {dag_processing.py:1062} INFO - Finding 'running' jobs without a recent heartbeat
[2022-10-29 15:58:41,093] {dag_processing.py:1066} INFO - Failing jobs without heartbeat after 2022-10-29 15:53:41.093756+00:00
[2022-10-29 15:58:51,419] {dag_processing.py:1062} INFO - Finding 'running' jobs without a recent heartbeat
[2022-10-29 15:58:51,420] {dag_processing.py:1066} INFO - Failing jobs without heartbeat after 2022-10-29 15:53:51.420476+00:00
[2022-10-29 15:59:02,357] {dag_processing.py:1062} INFO - Finding 'running' jobs without a recent heartbeat
[2022-10-29 15:59:02,358] {dag_processing.py:1066} INFO - Failing jobs without heartbeat after 2022-10-29 15:54:02.358635+00:00
[2022-10-29 15:59:12,383] {dag_processing.py:1062} INFO - Finding 'running' jobs without a recent heartbeat
[2022-10-29 15:59:12,384] {dag_processing.py:1066} INFO - Failing jobs without heartbeat after 2022-10-29 15:54:12.384689+00:00
[2022-10-29 15:59:23,195] {dag_processing.py:1062} INFO - Finding 'running' jobs without a recent heartbeat
[2022-10-29 15:59:24,886] {dag_processing.py:1066} INFO - Failing jobs without heartbeat after 2022-10-29 15:54:24.886907+00:00
[2022-10-29 15:59:35,668] {dag_processing.py:1062} INFO - Finding 'running' jobs without a recent heartbeat
[2022-10-29 15:59:35,833] {dag_processing.py:1066} INFO - Failing jobs without heartbeat after 2022-10-29 15:54:35.833135+00:00
[2022-10-29 15:59:46,101] {dag_processing.py:1062} INFO - Finding 'running' jobs without a recent heartbeat
[2022-10-29 15:59:46,170] {dag_processing.py:1066} INFO - Failing jobs without heartbeat after 2022-10-29 15:54:46.170814+00:00
[2022-10-29 15:59:56,175] {dag_processing.py:1062} INFO - Finding 'running' jobs without a recent heartbeat
[2022-10-29 15:59:56,175] {dag_processing.py:1066} INFO - Failing jobs without heartbeat after 2022-10-29 15:54:56.175654+00:00
[2022-10-29 16:00:06,671] {dag_processing.py:1062} INFO - Finding 'running' jobs without a recent heartbeat
[2022-10-29 16:00:07,812] {dag_processing.py:1066} INFO - Failing jobs without heartbeat after 2022-10-29 15:55:07.812435+00:00
[2022-10-29 16:00:18,635] {dag_processing.py:1062} INFO - Finding 'running' jobs without a recent heartbeat
[2022-10-29 16:00:18,636] {dag_processing.py:1066} INFO - Failing jobs without heartbeat after 2022-10-29 15:55:18.636588+00:00
[2022-10-29 16:00:29,077] {dag_processing.py:1062} INFO - Finding 'running' jobs without a recent heartbeat
[2022-10-29 16:00:29,087] {dag_processing.py:1066} INFO - Failing jobs without heartbeat after 2022-10-29 15:55:29.087620+00:00
[2022-10-29 16:00:39,596] {dag_processing.py:1062} INFO - Finding 'running' jobs without a recent heartbeat
[2022-10-29 16:00:39,597] {dag_processing.py:1066} INFO - Failing jobs without heartbeat after 2022-10-29 15:55:39.597209+00:00
[2022-10-29 16:00:50,039] {dag_processing.py:1062} INFO - Finding 'running' jobs without a recent heartbeat
[2022-10-29 16:00:50,040] {dag_processing.py:1066} INFO - Failing jobs without heartbeat after 2022-10-29 15:55:50.040360+00:00
[2022-10-29 16:00:51,048] {dag_processing.py:726} INFO - Searching for files in /opt/airflow/dags
[2022-10-29 16:00:51,066] {dag_processing.py:729} INFO - There are 0 files in /opt/airflow/dags
[2022-10-29 16:01:00,836] {dag_processing.py:1062} INFO - Finding 'running' jobs without a recent heartbeat
[2022-10-29 16:01:00,841] {dag_processing.py:1066} INFO - Failing jobs without heartbeat after 2022-10-29 15:56:00.841145+00:00
[2022-10-29 16:01:11,601] {dag_processing.py:1062} INFO - Finding 'running' jobs without a recent heartbeat
[2022-10-29 16:01:11,810] {dag_processing.py:1066} INFO - Failing jobs without heartbeat after 2022-10-29 15:56:11.810611+00:00
[2022-10-29 16:01:22,063] {dag_processing.py:1062} INFO - Finding 'running' jobs without a recent heartbeat
[2022-10-29 16:01:22,064] {dag_processing.py:1066} INFO - Failing jobs without heartbeat after 2022-10-29 15:56:22.064477+00:00
[2022-10-29 16:01:32,781] {dag_processing.py:1062} INFO - Finding 'running' jobs without a recent heartbeat
[2022-10-29 16:01:32,785] {dag_processing.py:1066} INFO - Failing jobs without heartbeat after 2022-10-29 15:56:32.785363+00:00
[2022-10-29 16:01:42,815] {dag_processing.py:1062} INFO - Finding 'running' jobs without a recent heartbeat
[2022-10-29 16:01:42,816] {dag_processing.py:1066} INFO - Failing jobs without heartbeat after 2022-10-29 15:56:42.816013+00:00
[2022-10-29 16:01:53,264] {dag_processing.py:1062} INFO - Finding 'running' jobs without a recent heartbeat
[2022-10-29 16:01:53,611] {dag_processing.py:1066} INFO - Failing jobs without heartbeat after 2022-10-29 15:56:53.611119+00:00
[2022-10-29 16:02:03,834] {dag_processing.py:1062} INFO - Finding 'running' jobs without a recent heartbeat
[2022-10-29 16:02:03,836] {dag_processing.py:1066} INFO - Failing jobs without heartbeat after 2022-10-29 15:57:03.835957+00:00
[2022-10-29 16:02:14,590] {dag_processing.py:1062} INFO - Finding 'running' jobs without a recent heartbeat
[2022-10-29 16:02:15,253] {dag_processing.py:1066} INFO - Failing jobs without heartbeat after 2022-10-29 15:57:15.253079+00:00
[2022-10-29 16:02:25,513] {dag_processing.py:1062} INFO - Finding 'running' jobs without a recent heartbeat
[2022-10-29 16:02:26,954] {dag_processing.py:1066} INFO - Failing jobs without heartbeat after 2022-10-29 15:57:26.954656+00:00
[2022-10-29 16:02:36,760] {dag_processing.py:1062} INFO - Finding 'running' jobs without a recent heartbeat
[2022-10-29 16:02:36,768] {dag_processing.py:1066} INFO - Failing jobs without heartbeat after 2022-10-29 15:57:36.768152+00:00
[2022-10-29 16:02:47,576] {dag_processing.py:1062} INFO - Finding 'running' jobs without a recent heartbeat
[2022-10-29 16:02:47,577] {dag_processing.py:1066} INFO - Failing jobs without heartbeat after 2022-10-29 15:57:47.577887+00:00
[2022-10-29 16:02:58,849] {dag_processing.py:1062} INFO - Finding 'running' jobs without a recent heartbeat
[2022-10-29 16:02:58,850] {dag_processing.py:1066} INFO - Failing jobs without heartbeat after 2022-10-29 15:57:58.850188+00:00
[2022-10-29 16:03:09,780] {dag_processing.py:1062} INFO - Finding 'running' jobs without a recent heartbeat
[2022-10-29 16:03:09,781] {dag_processing.py:1066} INFO - Failing jobs without heartbeat after 2022-10-29 15:58:09.781440+00:00
[2022-10-29 16:03:21,811] {dag_processing.py:1062} INFO - Finding 'running' jobs without a recent heartbeat
[2022-10-29 16:03:21,812] {dag_processing.py:1066} INFO - Failing jobs without heartbeat after 2022-10-29 15:58:21.812569+00:00
[2022-10-29 16:03:32,266] {dag_processing.py:1062} INFO - Finding 'running' jobs without a recent heartbeat
[2022-10-29 16:03:32,267] {dag_processing.py:1066} INFO - Failing jobs without heartbeat after 2022-10-29 15:58:32.267560+00:00
[2022-10-29 16:03:42,292] {dag_processing.py:1062} INFO - Finding 'running' jobs without a recent heartbeat
[2022-10-29 16:03:43,487] {dag_processing.py:1066} INFO - Failing jobs without heartbeat after 2022-10-29 15:58:43.487866+00:00
[2022-10-29 16:03:53,937] {dag_processing.py:1062} INFO - Finding 'running' jobs without a recent heartbeat
[2022-10-29 16:03:53,938] {dag_processing.py:1066} INFO - Failing jobs without heartbeat after 2022-10-29 15:58:53.938055+00:00
[2022-10-29 16:04:04,892] {dag_processing.py:1062} INFO - Finding 'running' jobs without a recent heartbeat
[2022-10-29 16:04:04,897] {dag_processing.py:1066} INFO - Failing jobs without heartbeat after 2022-10-29 15:59:04.897453+00:00
[2022-10-29 16:04:14,929] {dag_processing.py:1062} INFO - Finding 'running' jobs without a recent heartbeat
[2022-10-29 16:04:14,931] {dag_processing.py:1066} INFO - Failing jobs without heartbeat after 2022-10-29 15:59:14.930947+00:00
[2022-10-29 16:04:24,954] {dag_processing.py:1062} INFO - Finding 'running' jobs without a recent heartbeat
[2022-10-29 16:04:24,955] {dag_processing.py:1066} INFO - Failing jobs without heartbeat after 2022-10-29 15:59:24.955690+00:00
[2022-10-29 16:04:35,961] {dag_processing.py:1062} INFO - Finding 'running' jobs without a recent heartbeat
[2022-10-29 16:04:35,964] {dag_processing.py:1066} INFO - Failing jobs without heartbeat after 2022-10-29 15:59:35.963944+00:00
[2022-10-29 16:04:45,994] {dag_processing.py:1062} INFO - Finding 'running' jobs without a recent heartbeat
[2022-10-29 16:04:45,995] {dag_processing.py:1066} INFO - Failing jobs without heartbeat after 2022-10-29 15:59:45.995722+00:00
[2022-10-29 16:04:56,943] {dag_processing.py:1062} INFO - Finding 'running' jobs without a recent heartbeat
[2022-10-29 16:04:56,969] {dag_processing.py:1066} INFO - Failing jobs without heartbeat after 2022-10-29 15:59:56.969771+00:00
[2022-10-29 16:05:07,009] {dag_processing.py:1062} INFO - Finding 'running' jobs without a recent heartbeat
[2022-10-29 16:05:07,010] {dag_processing.py:1066} INFO - Failing jobs without heartbeat after 2022-10-29 16:00:07.010449+00:00
[2022-10-29 16:05:17,038] {dag_processing.py:1062} INFO - Finding 'running' jobs without a recent heartbeat
[2022-10-29 16:05:17,039] {dag_processing.py:1066} INFO - Failing jobs without heartbeat after 2022-10-29 16:00:17.039625+00:00
[2022-10-29 16:05:27,063] {dag_processing.py:1062} INFO - Finding 'running' jobs without a recent heartbeat
[2022-10-29 16:05:27,064] {dag_processing.py:1066} INFO - Failing jobs without heartbeat after 2022-10-29 16:00:27.064196+00:00
[2022-10-29 16:05:37,083] {dag_processing.py:1062} INFO - Finding 'running' jobs without a recent heartbeat
[2022-10-29 16:05:37,084] {dag_processing.py:1066} INFO - Failing jobs without heartbeat after 2022-10-29 16:00:37.084776+00:00
[2022-10-29 16:05:47,115] {dag_processing.py:1062} INFO - Finding 'running' jobs without a recent heartbeat
[2022-10-29 16:05:47,116] {dag_processing.py:1066} INFO - Failing jobs without heartbeat after 2022-10-29 16:00:47.116607+00:00
[2022-10-29 16:05:51,132] {dag_processing.py:726} INFO - Searching for files in /opt/airflow/dags
[2022-10-29 16:05:51,163] {dag_processing.py:729} INFO - There are 0 files in /opt/airflow/dags
[2022-10-29 16:05:57,184] {dag_processing.py:1062} INFO - Finding 'running' jobs without a recent heartbeat
[2022-10-29 16:05:57,185] {dag_processing.py:1066} INFO - Failing jobs without heartbeat after 2022-10-29 16:00:57.185520+00:00
[2022-10-29 16:06:07,343] {dag_processing.py:1062} INFO - Finding 'running' jobs without a recent heartbeat
[2022-10-29 16:06:07,343] {dag_processing.py:1066} INFO - Failing jobs without heartbeat after 2022-10-29 16:01:07.343701+00:00
[2022-10-29 16:06:17,690] {dag_processing.py:1062} INFO - Finding 'running' jobs without a recent heartbeat
[2022-10-29 16:06:17,690] {dag_processing.py:1066} INFO - Failing jobs without heartbeat after 2022-10-29 16:01:17.690865+00:00
[2022-10-29 16:06:27,714] {dag_processing.py:1062} INFO - Finding 'running' jobs without a recent heartbeat
[2022-10-29 16:06:27,715] {dag_processing.py:1066} INFO - Failing jobs without heartbeat after 2022-10-29 16:01:27.715699+00:00
[2022-10-29 16:06:39,840] {dag_processing.py:1062} INFO - Finding 'running' jobs without a recent heartbeat
[2022-10-29 16:06:40,663] {dag_processing.py:1066} INFO - Failing jobs without heartbeat after 2022-10-29 16:01:40.663218+00:00
[2022-10-29 16:07:00,882] {dag_processing.py:1062} INFO - Finding 'running' jobs without a recent heartbeat
[2022-10-29 16:07:00,888] {dag_processing.py:1066} INFO - Failing jobs without heartbeat after 2022-10-29 16:02:00.887953+00:00
[2022-10-29 16:07:02,021] {dag_processing.py:571} INFO - Exiting gracefully upon receiving signal 15
